Using pre-set license
Built from '2021.1/staging' branch; Version is '2021.1.6f1 (c0fade0cc7e9) revision 12647134'; Using compiler version '192528614'; Build Type 'Release'
OS: 'Windows 10 Pro; OS build 19042.928; Version 2009; 64bit' Language: 'en' Physical Memory: 16342 MB
BatchMode: 1, IsHumanControllingUs: 0, StartBugReporterOnCrash: 0, Is64bit: 1, IsPro: 0

 COMMAND LINE ARGUMENTS:
C:\Program Files\Unity\Hub\Editor\2021.1.6f1\Editor\Unity.exe
-adb2
-batchMode
-noUpm
-name
AssetImportWorker0
-projectPath
D:/malding/dababy_racing/peli
-logFile
Logs/AssetImportWorker0.log
-srvPort
52301
Successfully changed project path to: D:/malding/dababy_racing/peli
D:/malding/dababy_racing/peli
Using Asset Import Pipeline V2.
Refreshing native plugins compatible for Editor in 112.02 ms, found 1 plugins.
Preloading 0 native plugins for Editor in 0.00 ms.
Initialize engine version: 2021.1.6f1 (c0fade0cc7e9)
[Subsystems] Discovering subsystems at path C:/Program Files/Unity/Hub/Editor/2021.1.6f1/Editor/Data/Resources/UnitySubsystems
[Subsystems] Discovering subsystems at path D:/malding/dababy_racing/peli/Assets
GfxDevice: creating device client; threaded=0; jobified=0
Direct3D:
    Version:  Direct3D 11.0 [level 11.1]
    Renderer: NVIDIA GeForce GTX 1070 (ID=0x1b81)
    Vendor:   NVIDIA
    VRAM:     8088 MB
    Driver:   27.21.14.6589
Initialize mono
Mono path[0] = 'C:/Program Files/Unity/Hub/Editor/2021.1.6f1/Editor/Data/Managed'
Mono path[1] = 'C:/Program Files/Unity/Hub/Editor/2021.1.6f1/Editor/Data/MonoBleedingEdge/lib/mono/unityjit'
Mono config path = 'C:/Program Files/Unity/Hub/Editor/2021.1.6f1/Editor/Data/MonoBleedingEdge/etc'
Using monoOptions --debugger-agent=transport=dt_socket,embedding=1,server=y,suspend=n,address=127.0.0.1:56456
Begin MonoManager ReloadAssembly
Registering precompiled unity dll's ...
Register platform support module: C:/Program Files/Unity/Hub/Editor/2021.1.6f1/Editor/Data/PlaybackEngines/WindowsStandaloneSupport/UnityEditor.WindowsStandalone.Extensions.dll
Registered in 0.003215 seconds.
Native extension for WindowsStandalone target not found
Refreshing native plugins compatible for Editor in 73.35 ms, found 1 plugins.
Preloading 0 native plugins for Editor in 0.00 ms.
Mono: successfully reloaded assembly
- Completed reload, in  1.187 seconds
Platform modules already initialized, skipping
Registering precompiled user dll's ...
Registered in 0.002122 seconds.
Begin MonoManager ReloadAssembly
Native extension for WindowsStandalone target not found
Refreshing native plugins compatible for Editor in 0.40 ms, found 1 plugins.
Preloading 0 native plugins for Editor in 0.00 ms.
Mono: successfully reloaded assembly
- Completed reload, in  0.971 seconds
Platform modules already initialized, skipping
========================================================================
Worker process is ready to serve import requests
Launched and connected shader compiler UnityShaderCompiler.exe after 0.06 seconds
Refreshing native plugins compatible for Editor in 0.38 ms, found 1 plugins.
Preloading 0 native plugins for Editor in 0.00 ms.
Unloading 2670 Unused Serialized files (Serialized files now loaded: 0)
System memory in use before: 98.4 MB.
System memory in use after: 98.6 MB.

Unloading 15 unused Assets to reduce memory usage. Loaded Objects now: 3123.
Total: 2.213400 ms (FindLiveObjects: 0.456800 ms CreateObjectMapping: 0.219500 ms MarkObjects: 1.467000 ms  DeleteObjects: 0.069100 ms)

========================================================================
Received Import Request.
  path: Assets/scripts/laps.cs
  artifactKey: Guid(5b043700c5d3b2543a3bba428829a3dc) Importer(815301076,1909f56bfc062723c751e8b465ee728b)
Start importing Assets/scripts/laps.cs using Guid(5b043700c5d3b2543a3bba428829a3dc) Importer(815301076,1909f56bfc062723c751e8b465ee728b)  -> (artifact id: 'e80261343e3d4b6b474592e33d3a74ec') in 0.037921 seconds 
========================================================================
Received Import Request.
  Time since last request: 410.617719 seconds.
  path: Assets/New Physic Material.physicMaterial
  artifactKey: Guid(30cf5df90e1d4ca418223a8be08e4412) Importer(815301076,1909f56bfc062723c751e8b465ee728b)
Start importing Assets/New Physic Material.physicMaterial using Guid(30cf5df90e1d4ca418223a8be08e4412) Importer(815301076,1909f56bfc062723c751e8b465ee728b)  -> (artifact id: 'ec24dc52245a8024d5bcc9f82aff0052') in 0.029673 seconds 
AssetImportWorkerClient::OnTransportError - code=2 error=End of file
