Using pre-set license
Built from '2021.1/staging' branch; Version is '2021.1.6f1 (c0fade0cc7e9) revision 12647134'; Using compiler version '192528614'; Build Type 'Release'
OS: 'Windows 10 Pro; OS build 19042.928; Version 2009; 64bit' Language: 'en' Physical Memory: 16342 MB
BatchMode: 1, IsHumanControllingUs: 0, StartBugReporterOnCrash: 0, Is64bit: 1, IsPro: 0

 COMMAND LINE ARGUMENTS:
C:\Program Files\Unity\Hub\Editor\2021.1.6f1\Editor\Unity.exe
-adb2
-batchMode
-noUpm
-name
AssetImportWorker0
-projectPath
D:/malding/dababy_racing/peli
-logFile
Logs/AssetImportWorker0.log
-srvPort
50920
Successfully changed project path to: D:/malding/dababy_racing/peli
D:/malding/dababy_racing/peli
Using Asset Import Pipeline V2.
Refreshing native plugins compatible for Editor in 125.90 ms, found 1 plugins.
Preloading 0 native plugins for Editor in 0.00 ms.
Initialize engine version: 2021.1.6f1 (c0fade0cc7e9)
[Subsystems] Discovering subsystems at path C:/Program Files/Unity/Hub/Editor/2021.1.6f1/Editor/Data/Resources/UnitySubsystems
[Subsystems] Discovering subsystems at path D:/malding/dababy_racing/peli/Assets
GfxDevice: creating device client; threaded=0; jobified=0
Direct3D:
    Version:  Direct3D 11.0 [level 11.1]
    Renderer: NVIDIA GeForce GTX 1070 (ID=0x1b81)
    Vendor:   NVIDIA
    VRAM:     8088 MB
    Driver:   27.21.14.6589
Initialize mono
Mono path[0] = 'C:/Program Files/Unity/Hub/Editor/2021.1.6f1/Editor/Data/Managed'
Mono path[1] = 'C:/Program Files/Unity/Hub/Editor/2021.1.6f1/Editor/Data/MonoBleedingEdge/lib/mono/unityjit'
Mono config path = 'C:/Program Files/Unity/Hub/Editor/2021.1.6f1/Editor/Data/MonoBleedingEdge/etc'
Using monoOptions --debugger-agent=transport=dt_socket,embedding=1,server=y,suspend=n,address=127.0.0.1:56596
Begin MonoManager ReloadAssembly
Registering precompiled unity dll's ...
Register platform support module: C:/Program Files/Unity/Hub/Editor/2021.1.6f1/Editor/Data/PlaybackEngines/WindowsStandaloneSupport/UnityEditor.WindowsStandalone.Extensions.dll
Registered in 0.001725 seconds.
Native extension for WindowsStandalone target not found
Refreshing native plugins compatible for Editor in 91.92 ms, found 1 plugins.
Preloading 0 native plugins for Editor in 0.00 ms.
Mono: successfully reloaded assembly
- Completed reload, in  1.485 seconds
Platform modules already initialized, skipping
Registering precompiled user dll's ...
Registered in 0.004238 seconds.
Begin MonoManager ReloadAssembly
Native extension for WindowsStandalone target not found
Refreshing native plugins compatible for Editor in 85.13 ms, found 1 plugins.
Preloading 0 native plugins for Editor in 0.00 ms.
Mono: successfully reloaded assembly
- Completed reload, in  1.291 seconds
Platform modules already initialized, skipping
========================================================================
Worker process is ready to serve import requests
Launched and connected shader compiler UnityShaderCompiler.exe after 0.06 seconds
Refreshing native plugins compatible for Editor in 0.52 ms, found 1 plugins.
Preloading 0 native plugins for Editor in 0.00 ms.
Unloading 2988 Unused Serialized files (Serialized files now loaded: 0)
System memory in use before: 111.6 MB.
System memory in use after: 111.8 MB.

Unloading 17 unused Assets to reduce memory usage. Loaded Objects now: 3443.
Total: 5.272900 ms (FindLiveObjects: 0.220800 ms CreateObjectMapping: 0.191200 ms MarkObjects: 4.750400 ms  DeleteObjects: 0.109600 ms)

========================================================================
Received Import Request.
  path: Assets/DaCar 2.prefab
  artifactKey: Guid(9fb95023301629e4d9cc27d514deafef) Importer(815301076,1909f56bfc062723c751e8b465ee728b)
Start importing Assets/DaCar 2.prefab using Guid(9fb95023301629e4d9cc27d514deafef) Importer(815301076,1909f56bfc062723c751e8b465ee728b)  -> (artifact id: 'b3a05e5bf39c9b4757743c26707c9f69') in 0.162213 seconds 
========================================================================
Received Import Request.
  Time since last request: 0.000157 seconds.
  path: Assets/sex haver 2.prefab
  artifactKey: Guid(bb456a854eb51ee43a0bafc7840d50c1) Importer(815301076,1909f56bfc062723c751e8b465ee728b)
Start importing Assets/sex haver 2.prefab using Guid(bb456a854eb51ee43a0bafc7840d50c1) Importer(815301076,1909f56bfc062723c751e8b465ee728b)  -> (artifact id: '4c7277bd4f99bc1fb14651898cdd6c87') in 0.049262 seconds 
========================================================================
Received Import Request.
  Time since last request: 0.000173 seconds.
  path: Assets/Vine_Boom_Sound_Effect.mp3
  artifactKey: Guid(9334e6c6dfeabd548a8c1b3ea52c9c27) Importer(815301076,1909f56bfc062723c751e8b465ee728b)
Start importing Assets/Vine_Boom_Sound_Effect.mp3 using Guid(9334e6c6dfeabd548a8c1b3ea52c9c27) Importer(815301076,1909f56bfc062723c751e8b465ee728b)  -> (artifact id: '9604141a67441faa3937c0ab53d9c719') in 0.064971 seconds 
========================================================================
Received Import Request.
  Time since last request: 0.000150 seconds.
  path: Assets/chungus mobil.prefab
  artifactKey: Guid(9791242073cfc9a4f8c27e2605a90bfc) Importer(815301076,1909f56bfc062723c751e8b465ee728b)
Start importing Assets/chungus mobil.prefab using Guid(9791242073cfc9a4f8c27e2605a90bfc) Importer(815301076,1909f56bfc062723c751e8b465ee728b)  -> (artifact id: 'ac0d15ff503ef5d9caec1e2295b3fa58') in 0.024893 seconds 
========================================================================
Received Import Request.
  Time since last request: 0.000186 seconds.
  path: Assets/drift masheen 2.prefab
  artifactKey: Guid(9bc98f71df3ab3c4cae3e55f6e6e9fee) Importer(815301076,1909f56bfc062723c751e8b465ee728b)
Start importing Assets/drift masheen 2.prefab using Guid(9bc98f71df3ab3c4cae3e55f6e6e9fee) Importer(815301076,1909f56bfc062723c751e8b465ee728b)  -> (artifact id: 'beee7d6d8c9abbca8da499bbb3000385') in 0.025091 seconds 
========================================================================
Received Import Request.
  Time since last request: 0.000157 seconds.
  path: Assets/unttled.fbx
  artifactKey: Guid(94c0dd2049c94ba4da2fe19936aed67c) Importer(815301076,1909f56bfc062723c751e8b465ee728b)
Start importing Assets/unttled.fbx using Guid(94c0dd2049c94ba4da2fe19936aed67c) Importer(815301076,1909f56bfc062723c751e8b465ee728b)  -> (artifact id: '32720135ba3ae25f5361448b8cf71bf3') in 0.082993 seconds 
========================================================================
Received Import Request.
  Time since last request: 0.000157 seconds.
  path: Assets/Vine_Boom_Sound_Effect_cut.mp3
  artifactKey: Guid(d7c112adcf154d84d9d7013d9d501a6a) Importer(815301076,1909f56bfc062723c751e8b465ee728b)
Start importing Assets/Vine_Boom_Sound_Effect_cut.mp3 using Guid(d7c112adcf154d84d9d7013d9d501a6a) Importer(815301076,1909f56bfc062723c751e8b465ee728b)  -> (artifact id: '05f626e1e5b1bfeddd0c9cef7593fa6a') in 0.029986 seconds 
========================================================================
Received Import Request.
  Time since last request: 0.000208 seconds.
  path: Assets/dacar_fake.prefab
  artifactKey: Guid(4a8f2f8145b1c084287c05154a2ff034) Importer(815301076,1909f56bfc062723c751e8b465ee728b)
Start importing Assets/dacar_fake.prefab using Guid(4a8f2f8145b1c084287c05154a2ff034) Importer(815301076,1909f56bfc062723c751e8b465ee728b)  -> (artifact id: '842421699f9fe884defc935719f4c139') in 0.015223 seconds 
========================================================================
Received Import Request.
  Time since last request: 0.000302 seconds.
  path: Assets/monke 2.prefab
  artifactKey: Guid(33f6bd62ec0cd174d9985689077d4b49) Importer(815301076,1909f56bfc062723c751e8b465ee728b)
Start importing Assets/monke 2.prefab using Guid(33f6bd62ec0cd174d9985689077d4b49) Importer(815301076,1909f56bfc062723c751e8b465ee728b)  -> (artifact id: '8fd34e6e389404132b80465df13163c6') in 0.021682 seconds 
========================================================================
Received Import Request.
  Time since last request: 0.000242 seconds.
  path: Assets/controls.inputactions
  artifactKey: Guid(0b87f21dc741ce84484f6e8dbd3832de) Importer(815301076,1909f56bfc062723c751e8b465ee728b)
Start importing Assets/controls.inputactions using Guid(0b87f21dc741ce84484f6e8dbd3832de) Importer(815301076,1909f56bfc062723c751e8b465ee728b)  -> (artifact id: '347d1201b6d95cc7e6bfb3bc5b93feda') in 0.009543 seconds 
========================================================================
Received Import Request.
  Time since last request: 0.000171 seconds.
  path: Assets/sex haver.prefab
  artifactKey: Guid(2085f37f32d5dca499c6717f3eba56e4) Importer(815301076,1909f56bfc062723c751e8b465ee728b)
Start importing Assets/sex haver.prefab using Guid(2085f37f32d5dca499c6717f3eba56e4) Importer(815301076,1909f56bfc062723c751e8b465ee728b)  -> (artifact id: 'bf07ca3d36f9761d1121bce17c9cfc92') in 0.021963 seconds 
========================================================================
Received Import Request.
  Time since last request: 0.000163 seconds.
  path: Assets/drift masheen.prefab
  artifactKey: Guid(c56f6e02b569e034dab10d0a77299714) Importer(815301076,1909f56bfc062723c751e8b465ee728b)
Start importing Assets/drift masheen.prefab using Guid(c56f6e02b569e034dab10d0a77299714) Importer(815301076,1909f56bfc062723c751e8b465ee728b)  -> (artifact id: 'bfad312c467fd2aa114db862a7faa934') in 0.021542 seconds 
========================================================================
Received Import Request.
  Time since last request: 0.000185 seconds.
  path: Assets/monke.prefab
  artifactKey: Guid(1e7a715c2b4837e41b7c25665f5a2b05) Importer(815301076,1909f56bfc062723c751e8b465ee728b)
Start importing Assets/monke.prefab using Guid(1e7a715c2b4837e41b7c25665f5a2b05) Importer(815301076,1909f56bfc062723c751e8b465ee728b)  -> (artifact id: '0c06ba0363bfe3393620c5393028724a') in 0.043525 seconds 
========================================================================
Received Import Request.
  Time since last request: 0.000155 seconds.
  path: Assets/DaCar.prefab
  artifactKey: Guid(cad20680f88d5cf44a3474fc0e90bc80) Importer(815301076,1909f56bfc062723c751e8b465ee728b)
Start importing Assets/DaCar.prefab using Guid(cad20680f88d5cf44a3474fc0e90bc80) Importer(815301076,1909f56bfc062723c751e8b465ee728b)  -> (artifact id: 'cc7423e8a75d59192772c247dfda1de4') in 0.012138 seconds 
========================================================================
Received Import Request.
  Time since last request: 0.000200 seconds.
  path: Assets/impact.ttf
  artifactKey: Guid(00b21f6ef60815043a8ea00af510e817) Importer(815301076,1909f56bfc062723c751e8b465ee728b)
Start importing Assets/impact.ttf using Guid(00b21f6ef60815043a8ea00af510e817) Importer(815301076,1909f56bfc062723c751e8b465ee728b)  -> (artifact id: 'b15a500d7fece47662b5dd2b527b15f7') in 0.026108 seconds 
========================================================================
Received Import Request.
  Time since last request: 0.000142 seconds.
  path: Assets/chungus mobil 2.prefab
  artifactKey: Guid(e255c7eea7307294cab8ab02902e1fc5) Importer(815301076,1909f56bfc062723c751e8b465ee728b)
Start importing Assets/chungus mobil 2.prefab using Guid(e255c7eea7307294cab8ab02902e1fc5) Importer(815301076,1909f56bfc062723c751e8b465ee728b)  -> (artifact id: '6e351b9d5b862311ef175ee50587fc4e') in 0.012472 seconds 
========================================================================
Received Import Request.
  Time since last request: 4.496413 seconds.
  path: Assets/Scenes/main menu.unity
  artifactKey: Guid(1ff9545f200ee9a4db72d461a8ac68bb) Importer(815301076,1909f56bfc062723c751e8b465ee728b)
Start importing Assets/Scenes/main menu.unity using Guid(1ff9545f200ee9a4db72d461a8ac68bb) Importer(815301076,1909f56bfc062723c751e8b465ee728b)  -> (artifact id: '8a283954b34e03ac3f95eb7a2549b90b') in 0.005462 seconds 
========================================================================
Received Prepare
Registering precompiled user dll's ...
Registered in 0.006708 seconds.
Begin MonoManager ReloadAssembly
Native extension for WindowsStandalone target not found
Refreshing native plugins compatible for Editor in 0.52 ms, found 1 plugins.
Preloading 0 native plugins for Editor in 0.00 ms.
Mono: successfully reloaded assembly
- Completed reload, in  1.261 seconds
Platform modules already initialized, skipping
Refreshing native plugins compatible for Editor in 0.50 ms, found 1 plugins.
Preloading 0 native plugins for Editor in 0.00 ms.
Unloading 2971 Unused Serialized files (Serialized files now loaded: 0)
System memory in use before: 115.6 MB.
System memory in use after: 115.8 MB.

Unloading 10 unused Assets to reduce memory usage. Loaded Objects now: 3510.
Total: 2.795000 ms (FindLiveObjects: 0.236400 ms CreateObjectMapping: 0.206600 ms MarkObjects: 2.290100 ms  DeleteObjects: 0.060600 ms)

========================================================================
Received Import Request.
  Time since last request: 22.784161 seconds.
  path: Assets/Scenes/SampleScene.unity
  artifactKey: Guid(9fc0d4010bbf28b4594072e72b8655ab) Importer(815301076,1909f56bfc062723c751e8b465ee728b)
Start importing Assets/Scenes/SampleScene.unity using Guid(9fc0d4010bbf28b4594072e72b8655ab) Importer(815301076,1909f56bfc062723c751e8b465ee728b)  -> (artifact id: '63411d27d91140e96b1fde2b80bb9f92') in 0.014600 seconds 
========================================================================
Received Import Request.
  Time since last request: 42.299137 seconds.
  path: Assets/Scenes/rata1.unity
  artifactKey: Guid(8e078b8f5123cc24a99215605acbd75e) Importer(815301076,1909f56bfc062723c751e8b465ee728b)
Start importing Assets/Scenes/rata1.unity using Guid(8e078b8f5123cc24a99215605acbd75e) Importer(815301076,1909f56bfc062723c751e8b465ee728b)  -> (artifact id: 'a05e303fa178cf55d720d0af73903e0c') in 0.006869 seconds 
========================================================================
Received Import Request.
  Time since last request: 2.639734 seconds.
  path: Assets/Scenes/testirata.unity
  artifactKey: Guid(cb69f131e929b044ea6175eae6a8b19e) Importer(815301076,1909f56bfc062723c751e8b465ee728b)
Start importing Assets/Scenes/testirata.unity using Guid(cb69f131e929b044ea6175eae6a8b19e) Importer(815301076,1909f56bfc062723c751e8b465ee728b)  -> (artifact id: '5bcec74e56ee2462859fc318e3d7ca6c') in 0.005694 seconds 
========================================================================
Received Import Request.
  Time since last request: 161.268785 seconds.
  path: Assets/scripts/databetweenscenes.cs
  artifactKey: Guid(52a2163d2b4d127488f6978fd5475bdd) Importer(815301076,1909f56bfc062723c751e8b465ee728b)
Start importing Assets/scripts/databetweenscenes.cs using Guid(52a2163d2b4d127488f6978fd5475bdd) Importer(815301076,1909f56bfc062723c751e8b465ee728b)  -> (artifact id: 'f1cdffdf26a6ed4379508e0c4e70f153') in 0.016305 seconds 
========================================================================
Received Prepare
Registering precompiled user dll's ...
Registered in 0.002989 seconds.
Begin MonoManager ReloadAssembly
Native extension for WindowsStandalone target not found
Refreshing native plugins compatible for Editor in 0.48 ms, found 1 plugins.
Preloading 0 native plugins for Editor in 0.00 ms.
Mono: successfully reloaded assembly
- Completed reload, in  0.928 seconds
Platform modules already initialized, skipping
Refreshing native plugins compatible for Editor in 0.60 ms, found 1 plugins.
Preloading 0 native plugins for Editor in 0.00 ms.
Unloading 2970 Unused Serialized files (Serialized files now loaded: 0)
System memory in use before: 115.7 MB.
System memory in use after: 115.9 MB.

Unloading 10 unused Assets to reduce memory usage. Loaded Objects now: 3513.
Total: 2.274100 ms (FindLiveObjects: 0.219800 ms CreateObjectMapping: 0.127800 ms MarkObjects: 1.882100 ms  DeleteObjects: 0.043700 ms)

========================================================================
Received Import Request.
  Time since last request: 52.313394 seconds.
  path: Assets/Scenes/rata1.unity
  artifactKey: Guid(8e078b8f5123cc24a99215605acbd75e) Importer(815301076,1909f56bfc062723c751e8b465ee728b)
Start importing Assets/Scenes/rata1.unity using Guid(8e078b8f5123cc24a99215605acbd75e) Importer(815301076,1909f56bfc062723c751e8b465ee728b)  -> (artifact id: '07a25cc9843f7ca239fec2d988e77756') in 0.010818 seconds 
========================================================================
Received Prepare
Registering precompiled user dll's ...
Registered in 0.002365 seconds.
Begin MonoManager ReloadAssembly
Native extension for WindowsStandalone target not found
Refreshing native plugins compatible for Editor in 0.72 ms, found 1 plugins.
Preloading 0 native plugins for Editor in 0.00 ms.
Mono: successfully reloaded assembly
- Completed reload, in  1.119 seconds
Platform modules already initialized, skipping
Refreshing native plugins compatible for Editor in 0.62 ms, found 1 plugins.
Preloading 0 native plugins for Editor in 0.00 ms.
Unloading 2970 Unused Serialized files (Serialized files now loaded: 0)
System memory in use before: 115.7 MB.
System memory in use after: 115.9 MB.

Unloading 10 unused Assets to reduce memory usage. Loaded Objects now: 3516.
Total: 2.021400 ms (FindLiveObjects: 0.286700 ms CreateObjectMapping: 0.139200 ms MarkObjects: 1.550800 ms  DeleteObjects: 0.044000 ms)

========================================================================
Received Prepare
Registering precompiled user dll's ...
Registered in 0.003080 seconds.
Begin MonoManager ReloadAssembly
Native extension for WindowsStandalone target not found
Refreshing native plugins compatible for Editor in 0.52 ms, found 1 plugins.
Preloading 0 native plugins for Editor in 0.00 ms.
Mono: successfully reloaded assembly
- Completed reload, in  1.162 seconds
Platform modules already initialized, skipping
Refreshing native plugins compatible for Editor in 0.99 ms, found 1 plugins.
Preloading 0 native plugins for Editor in 0.00 ms.
Unloading 2970 Unused Serialized files (Serialized files now loaded: 0)
System memory in use before: 115.8 MB.
System memory in use after: 116.0 MB.

Unloading 10 unused Assets to reduce memory usage. Loaded Objects now: 3519.
Total: 2.360900 ms (FindLiveObjects: 0.201400 ms CreateObjectMapping: 0.115000 ms MarkObjects: 2.003100 ms  DeleteObjects: 0.040500 ms)

========================================================================
Received Import Request.
  Time since last request: 113.455855 seconds.
  path: Assets/Scenes/main menu.unity
  artifactKey: Guid(1ff9545f200ee9a4db72d461a8ac68bb) Importer(815301076,1909f56bfc062723c751e8b465ee728b)
Start importing Assets/Scenes/main menu.unity using Guid(1ff9545f200ee9a4db72d461a8ac68bb) Importer(815301076,1909f56bfc062723c751e8b465ee728b)  -> (artifact id: '61e4db484ac836cfc81e4ea3c12d0f3e') in 0.013503 seconds 
========================================================================
Received Prepare
Registering precompiled user dll's ...
Registered in 0.002747 seconds.
Begin MonoManager ReloadAssembly
Native extension for WindowsStandalone target not found
Refreshing native plugins compatible for Editor in 0.43 ms, found 1 plugins.
Preloading 0 native plugins for Editor in 0.00 ms.
Mono: successfully reloaded assembly
- Completed reload, in  1.064 seconds
Platform modules already initialized, skipping
Refreshing native plugins compatible for Editor in 0.56 ms, found 1 plugins.
Preloading 0 native plugins for Editor in 0.00 ms.
Unloading 2970 Unused Serialized files (Serialized files now loaded: 0)
System memory in use before: 115.8 MB.
System memory in use after: 116.0 MB.

Unloading 10 unused Assets to reduce memory usage. Loaded Objects now: 3522.
Total: 1.885900 ms (FindLiveObjects: 0.206800 ms CreateObjectMapping: 0.129200 ms MarkObjects: 1.510400 ms  DeleteObjects: 0.038700 ms)

========================================================================
Received Import Request.
  Time since last request: 125.610592 seconds.
  path: Assets/Scenes/rata1.unity
  artifactKey: Guid(8e078b8f5123cc24a99215605acbd75e) Importer(815301076,1909f56bfc062723c751e8b465ee728b)
Start importing Assets/Scenes/rata1.unity using Guid(8e078b8f5123cc24a99215605acbd75e) Importer(815301076,1909f56bfc062723c751e8b465ee728b)  -> (artifact id: 'd32a258311990e326b379b52e48d4515') in 0.011258 seconds 
========================================================================
Received Import Request.
  Time since last request: 8.124138 seconds.
  path: Assets/blender hommat/drift masheen.prefab
  artifactKey: Guid(26e5844bf8295f1429056b901f0eecba) Importer(815301076,1909f56bfc062723c751e8b465ee728b)
Start importing Assets/blender hommat/drift masheen.prefab using Guid(26e5844bf8295f1429056b901f0eecba) Importer(815301076,1909f56bfc062723c751e8b465ee728b)  -> (artifact id: 'fc7b18414abf6f374ba07bb6e0784460') in 0.102895 seconds 
========================================================================
Received Import Request.
  Time since last request: 0.000169 seconds.
  path: Assets/blender hommat/truentouusiuusi.fbx
  artifactKey: Guid(a0824f481dc96c443823b2f7ef9120f9) Importer(815301076,1909f56bfc062723c751e8b465ee728b)
Start importing Assets/blender hommat/truentouusiuusi.fbx using Guid(a0824f481dc96c443823b2f7ef9120f9) Importer(815301076,1909f56bfc062723c751e8b465ee728b)  -> (artifact id: '440dd8b4049c550ca64944a44f8077e1') in 0.147311 seconds 
========================================================================
Received Import Request.
  Time since last request: 0.000205 seconds.
  path: Assets/blender hommat/lopullinetrueno.fbx
  artifactKey: Guid(74fdf4438e814d44ebae91ccb0be76a3) Importer(815301076,1909f56bfc062723c751e8b465ee728b)
Start importing Assets/blender hommat/lopullinetrueno.fbx using Guid(74fdf4438e814d44ebae91ccb0be76a3) Importer(815301076,1909f56bfc062723c751e8b465ee728b)  -> (artifact id: '342054caac33aa56a323d0dd99e1e734') in 0.074936 seconds 
========================================================================
Received Import Request.
  Time since last request: 0.000173 seconds.
  path: Assets/blender hommat/lopullinenlopullinentrueno.fbx
  artifactKey: Guid(d913c797bb1ab354a81bc63d8067eb11) Importer(815301076,1909f56bfc062723c751e8b465ee728b)
Start importing Assets/blender hommat/lopullinenlopullinentrueno.fbx using Guid(d913c797bb1ab354a81bc63d8067eb11) Importer(815301076,1909f56bfc062723c751e8b465ee728b)  -> (artifact id: '19356a1a1fc06619d35a86349290b81e') in 0.077482 seconds 
========================================================================
Received Import Request.
  Time since last request: 0.000147 seconds.
  path: Assets/blender hommat/truento.blend
  artifactKey: Guid(fc028755d4bd7784d8e916fcc216e768) Importer(815301076,1909f56bfc062723c751e8b465ee728b)
Start importing Assets/blender hommat/truento.blend using Guid(fc028755d4bd7784d8e916fcc216e768) Importer(815301076,1909f56bfc062723c751e8b465ee728b)  -> (artifact id: '049c14108f1f703619d3b2849644ee53') in 0.082915 seconds 
========================================================================
Received Import Request.
  Time since last request: 0.000161 seconds.
  path: Assets/blender hommat/rata2wip.fbx
  artifactKey: Guid(344e558b25413a44b9e14c47993b760d) Importer(815301076,1909f56bfc062723c751e8b465ee728b)
Start importing Assets/blender hommat/rata2wip.fbx using Guid(344e558b25413a44b9e14c47993b760d) Importer(815301076,1909f56bfc062723c751e8b465ee728b)  -> (artifact id: '76e1fd7cec326f63f62c8357af67fc9f') in 0.053999 seconds 
========================================================================
Received Import Request.
  Time since last request: 0.000228 seconds.
  path: Assets/blender hommat/kuutiokaa.fbx
  artifactKey: Guid(702866af81cb03b4eab3281c73dddb34) Importer(815301076,1909f56bfc062723c751e8b465ee728b)
Start importing Assets/blender hommat/kuutiokaa.fbx using Guid(702866af81cb03b4eab3281c73dddb34) Importer(815301076,1909f56bfc062723c751e8b465ee728b)  -> (artifact id: '95f7f11a1164d54049579abc578233c0') in 0.058089 seconds 
========================================================================
Received Import Request.
  Time since last request: 0.000139 seconds.
  path: Assets/blender hommat/truentouusi.fbx
  artifactKey: Guid(4cb36e8c516c70346bd23854220a181c) Importer(815301076,1909f56bfc062723c751e8b465ee728b)
Start importing Assets/blender hommat/truentouusi.fbx using Guid(4cb36e8c516c70346bd23854220a181c) Importer(815301076,1909f56bfc062723c751e8b465ee728b)  -> (artifact id: '88828823dc0b6088072e69fe334e70ac') in 0.079308 seconds 
========================================================================
Received Import Request.
  Time since last request: 0.000282 seconds.
  path: Assets/blender hommat/trueno.fbx
  artifactKey: Guid(7852d450ef63790499639d624f4a3794) Importer(815301076,1909f56bfc062723c751e8b465ee728b)
Start importing Assets/blender hommat/trueno.fbx using Guid(7852d450ef63790499639d624f4a3794) Importer(815301076,1909f56bfc062723c751e8b465ee728b)  -> (artifact id: '7677f564cf9d26cd2610d00191fe5795') in 0.075932 seconds 
========================================================================
Received Import Request.
  Time since last request: 0.000206 seconds.
  path: Assets/blender hommat/hassu_lada.fbx
  artifactKey: Guid(7de260627fed9de4393d61efa8634140) Importer(815301076,1909f56bfc062723c751e8b465ee728b)
Start importing Assets/blender hommat/hassu_lada.fbx using Guid(7de260627fed9de4393d61efa8634140) Importer(815301076,1909f56bfc062723c751e8b465ee728b)  -> (artifact id: 'ebc1f2bede79ca3d666fc883e93c47cf') in 0.034827 seconds 
========================================================================
Received Import Request.
  Time since last request: 35.294301 seconds.
  path: Assets/Scenes/win.unity
  artifactKey: Guid(004cd79132f6a8e49952ca90a91f33bc) Importer(815301076,1909f56bfc062723c751e8b465ee728b)
Start importing Assets/Scenes/win.unity using Guid(004cd79132f6a8e49952ca90a91f33bc) Importer(815301076,1909f56bfc062723c751e8b465ee728b)  -> (artifact id: '6fba79d64c36d23eb5c8032990a073b2') in 0.008560 seconds 
========================================================================
Received Prepare
Registering precompiled user dll's ...
Registered in 0.002278 seconds.
Begin MonoManager ReloadAssembly
Native extension for WindowsStandalone target not found
Refreshing native plugins compatible for Editor in 0.62 ms, found 1 plugins.
Preloading 0 native plugins for Editor in 0.00 ms.
Mono: successfully reloaded assembly
- Completed reload, in  1.130 seconds
Platform modules already initialized, skipping
Refreshing native plugins compatible for Editor in 0.43 ms, found 1 plugins.
Preloading 0 native plugins for Editor in 0.00 ms.
Unloading 2970 Unused Serialized files (Serialized files now loaded: 0)
System memory in use before: 115.9 MB.
System memory in use after: 116.1 MB.

Unloading 11 unused Assets to reduce memory usage. Loaded Objects now: 3526.
Total: 2.760600 ms (FindLiveObjects: 0.204900 ms CreateObjectMapping: 0.525400 ms MarkObjects: 1.982400 ms  DeleteObjects: 0.046500 ms)

========================================================================
Received Import Request.
  Time since last request: 87.806397 seconds.
  path: ProjectSettings/TagManager.asset
  artifactKey: Guid(00000000000000003000000000000000) Importer(815301076,1909f56bfc062723c751e8b465ee728b)
Start importing ProjectSettings/TagManager.asset using Guid(00000000000000003000000000000000) Importer(815301076,1909f56bfc062723c751e8b465ee728b)  -> (artifact id: '57c1b7dbe8d669699d92fd57356ee36c') in 0.068032 seconds 
========================================================================
Received Import Request.
  Time since last request: 14.301694 seconds.
  path: Assets/chungus mobil.prefab
  artifactKey: Guid(9791242073cfc9a4f8c27e2605a90bfc) Importer(815301076,1909f56bfc062723c751e8b465ee728b)
Start importing Assets/chungus mobil.prefab using Guid(9791242073cfc9a4f8c27e2605a90bfc) Importer(815301076,1909f56bfc062723c751e8b465ee728b)  -> (artifact id: '282afe801f37c9dadbea7010ceaa77c9') in 0.078681 seconds 
========================================================================
Received Import Request.
  Time since last request: 0.000267 seconds.
  path: Assets/sex haver.prefab
  artifactKey: Guid(2085f37f32d5dca499c6717f3eba56e4) Importer(815301076,1909f56bfc062723c751e8b465ee728b)
Start importing Assets/sex haver.prefab using Guid(2085f37f32d5dca499c6717f3eba56e4) Importer(815301076,1909f56bfc062723c751e8b465ee728b)  -> (artifact id: 'ed8d73fd34873b25b493b01ea63d21b1') in 0.040694 seconds 
========================================================================
Received Import Request.
  Time since last request: 0.000164 seconds.
  path: Assets/drift masheen.prefab
  artifactKey: Guid(c56f6e02b569e034dab10d0a77299714) Importer(815301076,1909f56bfc062723c751e8b465ee728b)
Start importing Assets/drift masheen.prefab using Guid(c56f6e02b569e034dab10d0a77299714) Importer(815301076,1909f56bfc062723c751e8b465ee728b)  -> (artifact id: '47d9ee884a4003cf3f65e6312f4d6843') in 0.021326 seconds 
========================================================================
Received Import Request.
  Time since last request: 0.000106 seconds.
  path: Assets/monke.prefab
  artifactKey: Guid(1e7a715c2b4837e41b7c25665f5a2b05) Importer(815301076,1909f56bfc062723c751e8b465ee728b)
Start importing Assets/monke.prefab using Guid(1e7a715c2b4837e41b7c25665f5a2b05) Importer(815301076,1909f56bfc062723c751e8b465ee728b)  -> (artifact id: '8d26d4e946e4b2310ab7595ea1adf7b2') in 0.037051 seconds 
========================================================================
Received Import Request.
  Time since last request: 0.000150 seconds.
  path: Assets/DaCar.prefab
  artifactKey: Guid(cad20680f88d5cf44a3474fc0e90bc80) Importer(815301076,1909f56bfc062723c751e8b465ee728b)
Start importing Assets/DaCar.prefab using Guid(cad20680f88d5cf44a3474fc0e90bc80) Importer(815301076,1909f56bfc062723c751e8b465ee728b)  -> (artifact id: '11014d85cdc5ad5be3ecc27f553b43d5') in 0.028183 seconds 
========================================================================
Received Prepare
Registering precompiled user dll's ...
Registered in 0.002119 seconds.
Begin MonoManager ReloadAssembly
Native extension for WindowsStandalone target not found
Refreshing native plugins compatible for Editor in 0.76 ms, found 1 plugins.
Preloading 0 native plugins for Editor in 0.00 ms.
Mono: successfully reloaded assembly
- Completed reload, in  0.929 seconds
Platform modules already initialized, skipping
Refreshing native plugins compatible for Editor in 0.43 ms, found 1 plugins.
Preloading 0 native plugins for Editor in 0.00 ms.
Unloading 2970 Unused Serialized files (Serialized files now loaded: 0)
System memory in use before: 115.9 MB.
System memory in use after: 116.1 MB.

Unloading 11 unused Assets to reduce memory usage. Loaded Objects now: 3530.
Total: 2.581100 ms (FindLiveObjects: 0.231500 ms CreateObjectMapping: 0.140000 ms MarkObjects: 2.158400 ms  DeleteObjects: 0.050000 ms)

========================================================================
Received Import Request.
  Time since last request: 177.882278 seconds.
  path: Assets/scripts/CarController2.cs
  artifactKey: Guid(06a88803181827f49b761835ee59c785) Importer(815301076,1909f56bfc062723c751e8b465ee728b)
Start importing Assets/scripts/CarController2.cs using Guid(06a88803181827f49b761835ee59c785) Importer(815301076,1909f56bfc062723c751e8b465ee728b)  -> (artifact id: '164e3fe3f0fb8e1fb41f52f1284c6aa6') in 0.012939 seconds 
========================================================================
Received Prepare
Registering precompiled user dll's ...
Registered in 0.002546 seconds.
Begin MonoManager ReloadAssembly
Native extension for WindowsStandalone target not found
Refreshing native plugins compatible for Editor in 0.45 ms, found 1 plugins.
Preloading 0 native plugins for Editor in 0.00 ms.
Mono: successfully reloaded assembly
- Completed reload, in  0.985 seconds
Platform modules already initialized, skipping
Refreshing native plugins compatible for Editor in 0.57 ms, found 1 plugins.
Preloading 0 native plugins for Editor in 0.00 ms.
Unloading 2970 Unused Serialized files (Serialized files now loaded: 0)
System memory in use before: 115.9 MB.
System memory in use after: 116.1 MB.

Unloading 10 unused Assets to reduce memory usage. Loaded Objects now: 3533.
Total: 2.460800 ms (FindLiveObjects: 0.203600 ms CreateObjectMapping: 0.123500 ms MarkObjects: 2.089600 ms  DeleteObjects: 0.043000 ms)

========================================================================
Received Import Request.
  Time since last request: 136.391831 seconds.
  path: Assets/scripts/CarController2.cs
  artifactKey: Guid(06a88803181827f49b761835ee59c785) Importer(815301076,1909f56bfc062723c751e8b465ee728b)
Start importing Assets/scripts/CarController2.cs using Guid(06a88803181827f49b761835ee59c785) Importer(815301076,1909f56bfc062723c751e8b465ee728b)  -> (artifact id: 'cae9343a3844de7326dfdd8415d4df53') in 0.008499 seconds 
========================================================================
Received Import Request.
  Time since last request: 46.108429 seconds.
  path: Assets/munax_boom_sound_effect.mp3
  artifactKey: Guid(5401f6a5ea42b2b459ab632f6e6df07f) Importer(815301076,1909f56bfc062723c751e8b465ee728b)
Start importing Assets/munax_boom_sound_effect.mp3 using Guid(5401f6a5ea42b2b459ab632f6e6df07f) Importer(815301076,1909f56bfc062723c751e8b465ee728b)  -> (artifact id: '03eba29bd3b8d01bdbb04121b887fe78') in 0.038651 seconds 
========================================================================
Received Import Request.
  Time since last request: 7.445033 seconds.
  path: Assets/black guy spinning in a chair.mp3
  artifactKey: Guid(d0793eb31d76c0244a22b363ffe4e107) Importer(815301076,1909f56bfc062723c751e8b465ee728b)
Start importing Assets/black guy spinning in a chair.mp3 using Guid(d0793eb31d76c0244a22b363ffe4e107) Importer(815301076,1909f56bfc062723c751e8b465ee728b)  -> (artifact id: '9bc8a4b34d15ff10f1de8d46efa4ef39') in 0.018334 seconds 
========================================================================
Received Prepare
Registering precompiled user dll's ...
Registered in 0.002757 seconds.
Begin MonoManager ReloadAssembly
Native extension for WindowsStandalone target not found
Refreshing native plugins compatible for Editor in 0.47 ms, found 1 plugins.
Preloading 0 native plugins for Editor in 0.00 ms.
Mono: successfully reloaded assembly
- Completed reload, in  1.233 seconds
Platform modules already initialized, skipping
Refreshing native plugins compatible for Editor in 0.49 ms, found 1 plugins.
Preloading 0 native plugins for Editor in 0.00 ms.
Unloading 2970 Unused Serialized files (Serialized files now loaded: 0)
System memory in use before: 115.9 MB.
System memory in use after: 116.1 MB.

Unloading 10 unused Assets to reduce memory usage. Loaded Objects now: 3537.
Total: 2.105600 ms (FindLiveObjects: 0.209400 ms CreateObjectMapping: 0.123500 ms MarkObjects: 1.726400 ms  DeleteObjects: 0.045200 ms)

========================================================================
Received Prepare
Registering precompiled user dll's ...
Registered in 0.002489 seconds.
Begin MonoManager ReloadAssembly
Native extension for WindowsStandalone target not found
Refreshing native plugins compatible for Editor in 0.54 ms, found 1 plugins.
Preloading 0 native plugins for Editor in 0.00 ms.
Mono: successfully reloaded assembly
- Completed reload, in  1.078 seconds
Platform modules already initialized, skipping
Refreshing native plugins compatible for Editor in 0.60 ms, found 1 plugins.
Preloading 0 native plugins for Editor in 0.00 ms.
Unloading 2970 Unused Serialized files (Serialized files now loaded: 0)
System memory in use before: 115.9 MB.
System memory in use after: 116.1 MB.

Unloading 10 unused Assets to reduce memory usage. Loaded Objects now: 3540.
Total: 1.858600 ms (FindLiveObjects: 0.209000 ms CreateObjectMapping: 0.134500 ms MarkObjects: 1.477300 ms  DeleteObjects: 0.037200 ms)

========================================================================
Received Prepare
Registering precompiled user dll's ...
Registered in 0.002485 seconds.
Begin MonoManager ReloadAssembly
Native extension for WindowsStandalone target not found
Refreshing native plugins compatible for Editor in 0.44 ms, found 1 plugins.
Preloading 0 native plugins for Editor in 0.00 ms.
Mono: successfully reloaded assembly
- Completed reload, in  0.905 seconds
Platform modules already initialized, skipping
Refreshing native plugins compatible for Editor in 0.44 ms, found 1 plugins.
Preloading 0 native plugins for Editor in 0.00 ms.
Unloading 2970 Unused Serialized files (Serialized files now loaded: 0)
System memory in use before: 116.0 MB.
System memory in use after: 116.2 MB.

Unloading 10 unused Assets to reduce memory usage. Loaded Objects now: 3543.
Total: 1.932100 ms (FindLiveObjects: 0.295700 ms CreateObjectMapping: 0.153000 ms MarkObjects: 1.445900 ms  DeleteObjects: 0.036800 ms)

========================================================================
Received Prepare
Registering precompiled user dll's ...
Registered in 0.002320 seconds.
Begin MonoManager ReloadAssembly
Native extension for WindowsStandalone target not found
Refreshing native plugins compatible for Editor in 1.02 ms, found 1 plugins.
Preloading 0 native plugins for Editor in 0.00 ms.
Mono: successfully reloaded assembly
- Completed reload, in  2.065 seconds
Platform modules already initialized, skipping
Refreshing native plugins compatible for Editor in 0.43 ms, found 1 plugins.
Preloading 0 native plugins for Editor in 0.00 ms.
Unloading 2970 Unused Serialized files (Serialized files now loaded: 0)
System memory in use before: 116.0 MB.
System memory in use after: 116.2 MB.

Unloading 10 unused Assets to reduce memory usage. Loaded Objects now: 3546.
Total: 1.816000 ms (FindLiveObjects: 0.212200 ms CreateObjectMapping: 0.138000 ms MarkObjects: 1.427500 ms  DeleteObjects: 0.036900 ms)

========================================================================
Received Prepare
Registering precompiled user dll's ...
Registered in 0.002648 seconds.
Begin MonoManager ReloadAssembly
Native extension for WindowsStandalone target not found
Refreshing native plugins compatible for Editor in 0.64 ms, found 1 plugins.
Preloading 0 native plugins for Editor in 0.00 ms.
Mono: successfully reloaded assembly
- Completed reload, in  1.316 seconds
Platform modules already initialized, skipping
Refreshing native plugins compatible for Editor in 0.90 ms, found 1 plugins.
Preloading 0 native plugins for Editor in 0.00 ms.
Unloading 2970 Unused Serialized files (Serialized files now loaded: 0)
System memory in use before: 116.0 MB.
System memory in use after: 116.2 MB.

Unloading 10 unused Assets to reduce memory usage. Loaded Objects now: 3549.
Total: 2.071800 ms (FindLiveObjects: 0.213600 ms CreateObjectMapping: 0.127900 ms MarkObjects: 1.682300 ms  DeleteObjects: 0.047100 ms)

========================================================================
Received Prepare
Registering precompiled user dll's ...
Registered in 0.002107 seconds.
Begin MonoManager ReloadAssembly
Native extension for WindowsStandalone target not found
Refreshing native plugins compatible for Editor in 0.56 ms, found 1 plugins.
Preloading 0 native plugins for Editor in 0.00 ms.
Mono: successfully reloaded assembly
- Completed reload, in  1.155 seconds
Platform modules already initialized, skipping
Refreshing native plugins compatible for Editor in 0.44 ms, found 1 plugins.
Preloading 0 native plugins for Editor in 0.00 ms.
Unloading 2970 Unused Serialized files (Serialized files now loaded: 0)
System memory in use before: 116.0 MB.
System memory in use after: 116.2 MB.

Unloading 10 unused Assets to reduce memory usage. Loaded Objects now: 3552.
Total: 4.737700 ms (FindLiveObjects: 0.266500 ms CreateObjectMapping: 0.276800 ms MarkObjects: 4.145800 ms  DeleteObjects: 0.047400 ms)

========================================================================
Received Prepare
Registering precompiled user dll's ...
Registered in 0.002050 seconds.
Begin MonoManager ReloadAssembly
Native extension for WindowsStandalone target not found
Refreshing native plugins compatible for Editor in 1.24 ms, found 1 plugins.
Preloading 0 native plugins for Editor in 0.00 ms.
Mono: successfully reloaded assembly
- Completed reload, in  1.590 seconds
Platform modules already initialized, skipping
Refreshing native plugins compatible for Editor in 0.53 ms, found 1 plugins.
Preloading 0 native plugins for Editor in 0.00 ms.
Unloading 2970 Unused Serialized files (Serialized files now loaded: 0)
System memory in use before: 116.0 MB.
System memory in use after: 116.2 MB.

Unloading 10 unused Assets to reduce memory usage. Loaded Objects now: 3555.
Total: 1.927800 ms (FindLiveObjects: 0.217700 ms CreateObjectMapping: 0.133600 ms MarkObjects: 1.533800 ms  DeleteObjects: 0.041700 ms)

========================================================================
Received Prepare
Registering precompiled user dll's ...
Registered in 0.002259 seconds.
Begin MonoManager ReloadAssembly
Native extension for WindowsStandalone target not found
Refreshing native plugins compatible for Editor in 0.72 ms, found 1 plugins.
Preloading 0 native plugins for Editor in 0.00 ms.
Mono: successfully reloaded assembly
- Completed reload, in  1.354 seconds
Platform modules already initialized, skipping
Refreshing native plugins compatible for Editor in 0.53 ms, found 1 plugins.
Preloading 0 native plugins for Editor in 0.00 ms.
Unloading 2970 Unused Serialized files (Serialized files now loaded: 0)
System memory in use before: 116.0 MB.
System memory in use after: 116.2 MB.

Unloading 10 unused Assets to reduce memory usage. Loaded Objects now: 3558.
Total: 3.311300 ms (FindLiveObjects: 0.368800 ms CreateObjectMapping: 0.286300 ms MarkObjects: 2.597400 ms  DeleteObjects: 0.057700 ms)

========================================================================
Received Prepare
Registering precompiled user dll's ...
Registered in 0.003834 seconds.
Begin MonoManager ReloadAssembly
Native extension for WindowsStandalone target not found
Refreshing native plugins compatible for Editor in 0.46 ms, found 1 plugins.
Preloading 0 native plugins for Editor in 0.00 ms.
Mono: successfully reloaded assembly
- Completed reload, in  1.333 seconds
Platform modules already initialized, skipping
Refreshing native plugins compatible for Editor in 0.44 ms, found 1 plugins.
Preloading 0 native plugins for Editor in 0.00 ms.
Unloading 2970 Unused Serialized files (Serialized files now loaded: 0)
System memory in use before: 116.0 MB.
System memory in use after: 116.2 MB.

Unloading 10 unused Assets to reduce memory usage. Loaded Objects now: 3561.
Total: 2.146000 ms (FindLiveObjects: 0.249300 ms CreateObjectMapping: 0.136800 ms MarkObjects: 1.712000 ms  DeleteObjects: 0.047200 ms)

========================================================================
Received Prepare
Registering precompiled user dll's ...
Registered in 0.002992 seconds.
Begin MonoManager ReloadAssembly
Native extension for WindowsStandalone target not found
Refreshing native plugins compatible for Editor in 0.48 ms, found 1 plugins.
Preloading 0 native plugins for Editor in 0.00 ms.
Mono: successfully reloaded assembly
- Completed reload, in  1.524 seconds
Platform modules already initialized, skipping
Refreshing native plugins compatible for Editor in 0.73 ms, found 1 plugins.
Preloading 0 native plugins for Editor in 0.00 ms.
Unloading 2970 Unused Serialized files (Serialized files now loaded: 0)
System memory in use before: 116.0 MB.
System memory in use after: 116.2 MB.

Unloading 10 unused Assets to reduce memory usage. Loaded Objects now: 3564.
Total: 2.422200 ms (FindLiveObjects: 0.240400 ms CreateObjectMapping: 0.143600 ms MarkObjects: 1.991300 ms  DeleteObjects: 0.045400 ms)

========================================================================
Received Prepare
Registering precompiled user dll's ...
Registered in 0.002162 seconds.
Begin MonoManager ReloadAssembly
Native extension for WindowsStandalone target not found
Refreshing native plugins compatible for Editor in 0.44 ms, found 1 plugins.
Preloading 0 native plugins for Editor in 0.00 ms.
Mono: successfully reloaded assembly
- Completed reload, in  1.190 seconds
Platform modules already initialized, skipping
Refreshing native plugins compatible for Editor in 0.50 ms, found 1 plugins.
Preloading 0 native plugins for Editor in 0.00 ms.
Unloading 2970 Unused Serialized files (Serialized files now loaded: 0)
System memory in use before: 116.0 MB.
System memory in use after: 116.2 MB.

Unloading 10 unused Assets to reduce memory usage. Loaded Objects now: 3567.
Total: 2.076600 ms (FindLiveObjects: 0.210500 ms CreateObjectMapping: 0.122800 ms MarkObjects: 1.701800 ms  DeleteObjects: 0.040600 ms)

========================================================================
Received Prepare
Registering precompiled user dll's ...
Registered in 0.002174 seconds.
Begin MonoManager ReloadAssembly
Native extension for WindowsStandalone target not found
Refreshing native plugins compatible for Editor in 0.62 ms, found 1 plugins.
Preloading 0 native plugins for Editor in 0.00 ms.
Mono: successfully reloaded assembly
- Completed reload, in  1.035 seconds
Platform modules already initialized, skipping
Refreshing native plugins compatible for Editor in 0.65 ms, found 1 plugins.
Preloading 0 native plugins for Editor in 0.00 ms.
Unloading 2970 Unused Serialized files (Serialized files now loaded: 0)
System memory in use before: 116.0 MB.
System memory in use after: 116.2 MB.

Unloading 10 unused Assets to reduce memory usage. Loaded Objects now: 3570.
Total: 2.198600 ms (FindLiveObjects: 0.237500 ms CreateObjectMapping: 0.140800 ms MarkObjects: 1.774200 ms  DeleteObjects: 0.045100 ms)

========================================================================
Received Prepare
Registering precompiled user dll's ...
Registered in 0.002104 seconds.
Begin MonoManager ReloadAssembly
Native extension for WindowsStandalone target not found
Refreshing native plugins compatible for Editor in 0.47 ms, found 1 plugins.
Preloading 0 native plugins for Editor in 0.00 ms.
Mono: successfully reloaded assembly
- Completed reload, in  1.370 seconds
Platform modules already initialized, skipping
Refreshing native plugins compatible for Editor in 0.44 ms, found 1 plugins.
Preloading 0 native plugins for Editor in 0.00 ms.
Unloading 2970 Unused Serialized files (Serialized files now loaded: 0)
System memory in use before: 116.0 MB.
System memory in use after: 116.3 MB.

Unloading 10 unused Assets to reduce memory usage. Loaded Objects now: 3573.
Total: 2.219300 ms (FindLiveObjects: 0.273000 ms CreateObjectMapping: 0.230800 ms MarkObjects: 1.669600 ms  DeleteObjects: 0.045100 ms)

========================================================================
Received Prepare
Registering precompiled user dll's ...
Registered in 0.004973 seconds.
Begin MonoManager ReloadAssembly
Native extension for WindowsStandalone target not found
Refreshing native plugins compatible for Editor in 0.47 ms, found 1 plugins.
Preloading 0 native plugins for Editor in 0.00 ms.
Mono: successfully reloaded assembly
- Completed reload, in  1.121 seconds
Platform modules already initialized, skipping
Refreshing native plugins compatible for Editor in 0.52 ms, found 1 plugins.
Preloading 0 native plugins for Editor in 0.00 ms.
Unloading 2970 Unused Serialized files (Serialized files now loaded: 0)
System memory in use before: 116.1 MB.
System memory in use after: 116.3 MB.

Unloading 10 unused Assets to reduce memory usage. Loaded Objects now: 3576.
Total: 2.513900 ms (FindLiveObjects: 0.327800 ms CreateObjectMapping: 0.185700 ms MarkObjects: 1.931000 ms  DeleteObjects: 0.068500 ms)

========================================================================
Received Prepare
Registering precompiled user dll's ...
Registered in 0.002012 seconds.
Begin MonoManager ReloadAssembly
Native extension for WindowsStandalone target not found
Refreshing native plugins compatible for Editor in 0.44 ms, found 1 plugins.
Preloading 0 native plugins for Editor in 0.00 ms.
Mono: successfully reloaded assembly
- Completed reload, in  0.982 seconds
Platform modules already initialized, skipping
Refreshing native plugins compatible for Editor in 0.43 ms, found 1 plugins.
Preloading 0 native plugins for Editor in 0.00 ms.
Unloading 2970 Unused Serialized files (Serialized files now loaded: 0)
System memory in use before: 116.1 MB.
System memory in use after: 116.3 MB.

Unloading 10 unused Assets to reduce memory usage. Loaded Objects now: 3579.
Total: 2.007100 ms (FindLiveObjects: 0.226100 ms CreateObjectMapping: 0.134000 ms MarkObjects: 1.604500 ms  DeleteObjects: 0.041600 ms)

AssetImportWorkerClient::OnTransportError - code=2 error=End of file
